# JRE version: Java(TM) SE Runtime Environment (8.0_101-b13) (build 1.8.0_101-b13)
# Java VM: Java HotSpot(TM) 64-Bit Server VM (25.101-b13 mixed mode windows-amd64 compressed oops)
Heap:
 PSYoungGen      total 38400K, used 24782K [0x00000000d5c00000, 0x00000000d8680000, 0x0000000100000000)
  eden space 33280K, 74% used [0x00000000d5c00000,0x00000000d7433870,0x00000000d7c80000)
  from space 5120K, 0% used [0x00000000d7c80000,0x00000000d7c80000,0x00000000d8180000)
  to   space 5120K, 0% used [0x00000000d8180000,0x00000000d8180000,0x00000000d8680000)
 ParOldGen       total 67072K, used 7576K [0x0000000081400000, 0x0000000085580000, 0x00000000d5c00000)
  object space 67072K, 11% used [0x0000000081400000,0x0000000081b660f0,0x0000000085580000)
 Metaspace       used 24895K, capacity 25188K, committed 25600K, reserved 1071104K
  class space    used 3178K, capacity 3246K, committed 3328K, reserved 1048576K
GC Heap History (8 events):
Event: 2.061 GC heap before
{Heap before GC invocations=1 (full 0):
 PSYoungGen      total 38400K, used 33280K [0x00000000d5c00000, 0x00000000d8680000, 0x0000000100000000)
  eden space 33280K, 100% used [0x00000000d5c00000,0x00000000d7c80000,0x00000000d7c80000)
  from space 5120K, 0% used [0x00000000d8180000,0x00000000d8180000,0x00000000d8680000)
  to   space 5120K, 0% used [0x00000000d7c80000,0x00000000d7c80000,0x00000000d8180000)
 ParOldGen       total 87552K, used 0K [0x0000000081400000, 0x0000000086980000, 0x00000000d5c00000)
  object space 87552K, 0% used [0x0000000081400000,0x0000000081400000,0x0000000086980000)
 Metaspace       used 8305K, capacity 8460K, committed 8704K, reserved 1056768K
  class space    used 955K, capacity 972K, committed 1024K, reserved 1048576K
Event: 2.071 GC heap after
Heap after GC invocations=1 (full 0):
 PSYoungGen      total 38400K, used 2258K [0x00000000d5c00000, 0x00000000d8680000, 0x0000000100000000)
  eden space 33280K, 0% used [0x00000000d5c00000,0x00000000d5c00000,0x00000000d7c80000)
  from space 5120K, 44% used [0x00000000d7c80000,0x00000000d7eb4b00,0x00000000d8180000)
  to   space 5120K, 0% used [0x00000000d8180000,0x00000000d8180000,0x00000000d8680000)
 ParOldGen       total 87552K, used 72K [0x0000000081400000, 0x0000000086980000, 0x00000000d5c00000)
  object space 87552K, 0% used [0x0000000081400000,0x0000000081412010,0x0000000086980000)
 Metaspace       used 8305K, capacity 8460K, committed 8704K, reserved 1056768K
  class space    used 955K, capacity 972K, committed 1024K, reserved 1048576K
}
Event: 6.044 GC heap before
{Heap before GC invocations=2 (full 0):
 PSYoungGen      total 38400K, used 35538K [0x00000000d5c00000, 0x00000000d8680000, 0x0000000100000000)
  eden space 33280K, 100% used [0x00000000d5c00000,0x00000000d7c80000,0x00000000d7c80000)
  from space 5120K, 44% used [0x00000000d7c80000,0x00000000d7eb4b00,0x00000000d8180000)
  to   space 5120K, 0% used [0x00000000d8180000,0x00000000d8180000,0x00000000d8680000)
 ParOldGen       total 87552K, used 72K [0x0000000081400000, 0x0000000086980000, 0x00000000d5c00000)
  object space 87552K, 0% used [0x0000000081400000,0x0000000081412010,0x0000000086980000)
 Metaspace       used 16931K, capacity 17206K, committed 17408K, reserved 1064960K
  class space    used 2117K, capacity 2195K, committed 2304K, reserved 1048576K
Event: 6.070 GC heap after
Heap after GC invocations=2 (full 0):
 PSYoungGen      total 38400K, used 5105K [0x00000000d5c00000, 0x00000000d8680000, 0x0000000100000000)
  eden space 33280K, 0% used [0x00000000d5c00000,0x00000000d5c00000,0x00000000d7c80000)
  from space 5120K, 99% used [0x00000000d8180000,0x00000000d867c470,0x00000000d8680000)
  to   space 5120K, 0% used [0x00000000d7c80000,0x00000000d7c80000,0x00000000d8180000)
 ParOldGen       total 87552K, used 3532K [0x0000000081400000, 0x0000000086980000, 0x00000000d5c00000)
  object space 87552K, 4% used [0x0000000081400000,0x0000000081773088,0x0000000086980000)
 Metaspace       used 16931K, capacity 17206K, committed 17408K, reserved 1064960K
  class space    used 2117K, capacity 2195K, committed 2304K, reserved 1048576K
}
Event: 8.212 GC heap before
{Heap before GC invocations=3 (full 0):
 PSYoungGen      total 38400K, used 25693K [0x00000000d5c00000, 0x00000000d8680000, 0x0000000100000000)
  eden space 33280K, 61% used [0x00000000d5c00000,0x00000000d701b1a8,0x00000000d7c80000)
  from space 5120K, 99% used [0x00000000d8180000,0x00000000d867c470,0x00000000d8680000)
  to   space 5120K, 0% used [0x00000000d7c80000,0x00000000d7c80000,0x00000000d8180000)
 ParOldGen       total 87552K, used 3532K [0x0000000081400000, 0x0000000086980000, 0x00000000d5c00000)
  object space 87552K, 4% used [0x0000000081400000,0x0000000081773088,0x0000000086980000)
 Metaspace       used 20746K, capacity 20944K, committed 21248K, reserved 1067008K
  class space    used 2640K, capacity 2714K, committed 2816K, reserved 1048576K
Event: 8.237 GC heap after
Heap after GC invocations=3 (full 0):
 PSYoungGen      total 38400K, used 5097K [0x00000000d5c00000, 0x00000000d8680000, 0x0000000100000000)
  eden space 33280K, 0% used [0x00000000d5c00000,0x00000000d5c00000,0x00000000d7c80000)
  from space 5120K, 99% used [0x00000000d7c80000,0x00000000d817a470,0x00000000d8180000)
  to   space 5120K, 0% used [0x00000000d8180000,0x00000000d8180000,0x00000000d8680000)
 ParOldGen       total 87552K, used 6167K [0x0000000081400000, 0x0000000086980000, 0x00000000d5c00000)
  object space 87552K, 7% used [0x0000000081400000,0x0000000081a05f78,0x0000000086980000)
 Metaspace       used 20746K, capacity 20944K, committed 21248K, reserved 1067008K
  class space    used 2640K, capacity 2714K, committed 2816K, reserved 1048576K
}
Event: 8.237 GC heap before
{Heap before GC invocations=4 (full 1):
 PSYoungGen      total 38400K, used 5097K [0x00000000d5c00000, 0x00000000d8680000, 0x0000000100000000)
  eden space 33280K, 0% used [0x00000000d5c00000,0x00000000d5c00000,0x00000000d7c80000)
  from space 5120K, 99% used [0x00000000d7c80000,0x00000000d817a470,0x00000000d8180000)
  to   space 5120K, 0% used [0x00000000d8180000,0x00000000d8180000,0x00000000d8680000)
 ParOldGen       total 87552K, used 6167K [0x0000000081400000, 0x0000000086980000, 0x00000000d5c00000)
  object space 87552K, 7% used [0x0000000081400000,0x0000000081a05f78,0x0000000086980000)
 Metaspace       used 20746K, capacity 20944K, committed 21248K, reserved 1067008K
  class space    used 2640K, capacity 2714K, committed 2816K, reserved 1048576K
Event: 8.350 GC heap after
Heap after GC invocations=4 (full 1):
 PSYoungGen      total 38400K, used 0K [0x00000000d5c00000, 0x00000000d8680000, 0x0000000100000000)
  eden space 33280K, 0% used [0x00000000d5c00000,0x00000000d5c00000,0x00000000d7c80000)
  from space 5120K, 0% used [0x00000000d7c80000,0x00000000d7c80000,0x00000000d8180000)
  to   space 5120K, 0% used [0x00000000d8180000,0x00000000d8180000,0x00000000d8680000)
 ParOldGen       total 67072K, used 7576K [0x0000000081400000, 0x0000000085580000, 0x00000000d5c00000)
  object space 67072K, 11% used [0x0000000081400000,0x0000000081b660f0,0x0000000085580000)
 Metaspace       used 20746K, capacity 20944K, committed 21248K, reserved 1067008K
  class space    used 2640K, capacity 2714K, committed 2816K, reserved 1048576K
}

